<?xml version="1.0" encoding="UTF-8"?>
<testng-results ignored="0" total="1" passed="1" failed="0" skipped="0">
  <reporter-output>
  </reporter-output>
  <suite started-at="2021-08-13T01:54:31 IST" name="Default suite" finished-at="2021-08-13T01:55:25 IST" duration-ms="54064">
    <groups>
    </groups>
    <test started-at="2021-08-13T01:54:31 IST" name="Default test" finished-at="2021-08-13T01:55:25 IST" duration-ms="54064">
      <class name="com.ui.assignment.LifeStyle">
        <test-method is-config="true" signature="setup()[pri:0, instance:com.ui.assignment.LifeStyle@1329eff]" started-at="2021-08-13T01:54:31 IST" name="setup" finished-at="2021-08-13T01:54:39 IST" duration-ms="8008" status="PASS">
          <reporter-output>
          </reporter-output>
        </test-method> <!-- setup -->
        <test-method is-config="true" signature="generateReport()[pri:0, instance:com.ui.assignment.LifeStyle@1329eff]" started-at="2021-08-13T01:54:39 IST" name="generateReport" finished-at="2021-08-13T01:54:39 IST" duration-ms="348" status="PASS">
          <reporter-output>
          </reporter-output>
        </test-method> <!-- generateReport -->
        <test-method signature="verifyLifeStyleCheckoutPage()[pri:0, instance:com.ui.assignment.LifeStyle@1329eff]" started-at="2021-08-13T01:54:40 IST" name="verifyLifeStyleCheckoutPage" finished-at="2021-08-13T01:55:22 IST" duration-ms="42591" status="PASS">
          <reporter-output>
          </reporter-output>
        </test-method> <!-- verifyLifeStyleCheckoutPage -->
        <test-method is-config="true" signature="tearDown()[pri:0, instance:com.ui.assignment.LifeStyle@1329eff]" started-at="2021-08-13T01:55:22 IST" name="tearDown" finished-at="2021-08-13T01:55:25 IST" duration-ms="3014" status="PASS">
          <reporter-output>
          </reporter-output>
        </test-method> <!-- tearDown -->
      </class> <!-- com.ui.assignment.LifeStyle -->
    </test> <!-- Default test -->
  </suite> <!-- Default suite -->
</testng-results>
